Traceback (most recent call last):
  File "/home/treharne/.local/lib/python3.10/site-packages/jupyter_cache/executors/utils.py", line 51, in single_nb_execution
    executenb(
  File "/home/treharne/.local/lib/python3.10/site-packages/nbclient/client.py", line 1204, in execute
    return NotebookClient(nb=nb, resources=resources, km=km, **kwargs).execute()
  File "/home/treharne/.local/lib/python3.10/site-packages/nbclient/util.py", line 84, in wrapped
    return just_run(coro(*args, **kwargs))
  File "/home/treharne/.local/lib/python3.10/site-packages/nbclient/util.py", line 62, in just_run
    return loop.run_until_complete(coro)
  File "/usr/lib/python3.10/asyncio/base_events.py", line 646, in run_until_complete
    return future.result()
  File "/home/treharne/.local/lib/python3.10/site-packages/nbclient/client.py", line 663, in async_execute
    await self.async_execute_cell(
  File "/home/treharne/.local/lib/python3.10/site-packages/nbclient/client.py", line 965, in async_execute_cell
    await self._check_raise_for_error(cell, cell_index, exec_reply)
  File "/home/treharne/.local/lib/python3.10/site-packages/nbclient/client.py", line 862, in _check_raise_for_error
    raise CellExecutionError.from_cell_and_msg(cell, exec_reply_content)
nbclient.exceptions.CellExecutionError: An error occurred while executing the following cell:
------------------
url = "https://liverpool.instructure.com/courses/58609/assignments/218636" # LIFE223_1 as an example
result = SpeedgraderAnalysis(url) #!important
------------------

[0;31m---------------------------------------------------------------------------[0m
[0;31mInvalidAccessToken[0m                        Traceback (most recent call last)
Cell [0;32mIn [4], line 2[0m
[1;32m      1[0m url [38;5;241m=[39m [38;5;124m"[39m[38;5;124mhttps://liverpool.instructure.com/courses/58609/assignments/218636[39m[38;5;124m"[39m [38;5;66;03m# LIFE223_1 as an example[39;00m
[0;32m----> 2[0m result [38;5;241m=[39m [43mSpeedgraderAnalysis[49m[43m([49m[43murl[49m[43m)[49m [38;5;66;03m#!important[39;00m

Cell [0;32mIn [3], line 15[0m, in [0;36mSpeedgraderAnalysis.__init__[0;34m(self, urls)[0m
[1;32m     13[0m [38;5;28;01mfor[39;00m url [38;5;129;01min[39;00m [38;5;28mself[39m[38;5;241m.[39murls:
[1;32m     14[0m     course_id, assignment_id [38;5;241m=[39m [38;5;28mself[39m[38;5;241m.[39mget_course_assignment(url)
[0;32m---> 15[0m     assignment [38;5;241m=[39m [43mcanvas[49m[38;5;241;43m.[39;49m[43mget_course[49m[43m([49m[43mcourse_id[49m[43m)[49m[38;5;241m.[39mget_assignment(assignment_id)
[1;32m     16[0m     df_list[38;5;241m.[39mappend([38;5;28mself[39m[38;5;241m.[39mget_submissions_comments(assignment))
[1;32m     18[0m [38;5;28mself[39m[38;5;241m.[39msubmissions_comments [38;5;241m=[39m pd[38;5;241m.[39mconcat(df_list)

File [0;32m~/.local/lib/python3.10/site-packages/canvasapi/canvas.py:680[0m, in [0;36mCanvas.get_course[0;34m(self, course, use_sis_id, **kwargs)[0m
[1;32m    677[0m     course_id [38;5;241m=[39m obj_or_id(course, [38;5;124m"[39m[38;5;124mcourse[39m[38;5;124m"[39m, (Course,))
[1;32m    678[0m     uri_str [38;5;241m=[39m [38;5;124m"[39m[38;5;124mcourses/[39m[38;5;132;01m{}[39;00m[38;5;124m"[39m
[0;32m--> 680[0m response [38;5;241m=[39m [38;5;28;43mself[39;49m[38;5;241;43m.[39;49m[43m__requester[49m[38;5;241;43m.[39;49m[43mrequest[49m[43m([49m
[1;32m    681[0m [43m    [49m[38;5;124;43m"[39;49m[38;5;124;43mGET[39;49m[38;5;124;43m"[39;49m[43m,[49m[43m [49m[43muri_str[49m[38;5;241;43m.[39;49m[43mformat[49m[43m([49m[43mcourse_id[49m[43m)[49m[43m,[49m[43m [49m[43m_kwargs[49m[38;5;241;43m=[39;49m[43mcombine_kwargs[49m[43m([49m[38;5;241;43m*[39;49m[38;5;241;43m*[39;49m[43mkwargs[49m[43m)[49m
[1;32m    682[0m [43m[49m[43m)[49m
[1;32m    683[0m [38;5;28;01mreturn[39;00m Course([38;5;28mself[39m[38;5;241m.[39m__requester, response[38;5;241m.[39mjson())

File [0;32m~/.local/lib/python3.10/site-packages/canvasapi/requester.py:241[0m, in [0;36mRequester.request[0;34m(self, method, endpoint, headers, use_auth, _url, _kwargs, json, **kwargs)[0m
[1;32m    239[0m [38;5;28;01melif[39;00m response[38;5;241m.[39mstatus_code [38;5;241m==[39m [38;5;241m401[39m:
[1;32m    240[0m     [38;5;28;01mif[39;00m [38;5;124m"[39m[38;5;124mWWW-Authenticate[39m[38;5;124m"[39m [38;5;129;01min[39;00m response[38;5;241m.[39mheaders:
[0;32m--> 241[0m         [38;5;28;01mraise[39;00m InvalidAccessToken(response[38;5;241m.[39mjson())
[1;32m    242[0m     [38;5;28;01melse[39;00m:
[1;32m    243[0m         [38;5;28;01mraise[39;00m Unauthorized(response[38;5;241m.[39mjson())

[0;31mInvalidAccessToken[0m: [{'message': 'Invalid access token.'}]
InvalidAccessToken: [{'message': 'Invalid access token.'}]

