Traceback (most recent call last):
  File "/home/treharne/.local/lib/python3.10/site-packages/jupyter_cache/executors/utils.py", line 51, in single_nb_execution
    executenb(
  File "/home/treharne/.local/lib/python3.10/site-packages/nbclient/client.py", line 1204, in execute
    return NotebookClient(nb=nb, resources=resources, km=km, **kwargs).execute()
  File "/home/treharne/.local/lib/python3.10/site-packages/nbclient/util.py", line 84, in wrapped
    return just_run(coro(*args, **kwargs))
  File "/home/treharne/.local/lib/python3.10/site-packages/nbclient/util.py", line 62, in just_run
    return loop.run_until_complete(coro)
  File "/usr/lib/python3.10/asyncio/base_events.py", line 646, in run_until_complete
    return future.result()
  File "/home/treharne/.local/lib/python3.10/site-packages/nbclient/client.py", line 663, in async_execute
    await self.async_execute_cell(
  File "/home/treharne/.local/lib/python3.10/site-packages/nbclient/client.py", line 965, in async_execute_cell
    await self._check_raise_for_error(cell, cell_index, exec_reply)
  File "/home/treharne/.local/lib/python3.10/site-packages/nbclient/client.py", line 862, in _check_raise_for_error
    raise CellExecutionError.from_cell_and_msg(cell, exec_reply_content)
nbclient.exceptions.CellExecutionError: An error occurred while executing the following cell:
------------------
user = canvas.get_user(101) # Replace the value 101 with you own use ID

courses = user.get_courses() # Get the user's courses

# Print out all the courses
for course in course:
    print(course.name)
------------------

[0;31m---------------------------------------------------------------------------[0m
[0;31mMissingSchema[0m                             Traceback (most recent call last)
Cell [0;32mIn [5], line 1[0m
[0;32m----> 1[0m user [38;5;241m=[39m [43mcanvas[49m[38;5;241;43m.[39;49m[43mget_user[49m[43m([49m[38;5;241;43m101[39;49m[43m)[49m [38;5;66;03m# Replace the value 101 with you own use ID[39;00m
[1;32m      3[0m courses [38;5;241m=[39m user[38;5;241m.[39mget_courses() [38;5;66;03m# Get the user's courses[39;00m
[1;32m      5[0m [38;5;66;03m# Print out all the courses[39;00m

File [0;32m~/.local/lib/python3.10/site-packages/canvasapi/canvas.py:1246[0m, in [0;36mCanvas.get_user[0;34m(self, user, id_type, **kwargs)[0m
[1;32m   1243[0m     user_id [38;5;241m=[39m obj_or_id(user, [38;5;124m"[39m[38;5;124muser[39m[38;5;124m"[39m, (User,))
[1;32m   1244[0m     uri [38;5;241m=[39m [38;5;124m"[39m[38;5;124musers/[39m[38;5;132;01m{}[39;00m[38;5;124m"[39m[38;5;241m.[39mformat(user_id)
[0;32m-> 1246[0m response [38;5;241m=[39m [38;5;28;43mself[39;49m[38;5;241;43m.[39;49m[43m__requester[49m[38;5;241;43m.[39;49m[43mrequest[49m[43m([49m
[1;32m   1247[0m [43m    [49m[38;5;124;43m"[39;49m[38;5;124;43mGET[39;49m[38;5;124;43m"[39;49m[43m,[49m[43m [49m[43muri[49m[43m,[49m[43m [49m[43m_kwargs[49m[38;5;241;43m=[39;49m[43mcombine_kwargs[49m[43m([49m[38;5;241;43m*[39;49m[38;5;241;43m*[39;49m[43mkwargs[49m[43m)[49m
[1;32m   1248[0m [43m[49m[43m)[49m
[1;32m   1249[0m [38;5;28;01mreturn[39;00m User([38;5;28mself[39m[38;5;241m.[39m__requester, response[38;5;241m.[39mjson())

File [0;32m~/.local/lib/python3.10/site-packages/canvasapi/requester.py:208[0m, in [0;36mRequester.request[0;34m(self, method, endpoint, headers, use_auth, _url, _kwargs, json, **kwargs)[0m
[1;32m    205[0m [38;5;28;01mif[39;00m _kwargs:
[1;32m    206[0m     logger[38;5;241m.[39mdebug([38;5;124m"[39m[38;5;124mData: [39m[38;5;132;01m{data}[39;00m[38;5;124m"[39m[38;5;241m.[39mformat(data[38;5;241m=[39mpformat(_kwargs)))
[0;32m--> 208[0m response [38;5;241m=[39m [43mreq_method[49m[43m([49m[43mfull_url[49m[43m,[49m[43m [49m[43mheaders[49m[43m,[49m[43m [49m[43m_kwargs[49m[43m,[49m[43m [49m[43mjson[49m[38;5;241;43m=[39;49m[43mjson[49m[43m)[49m
[1;32m    209[0m logger[38;5;241m.[39minfo(
[1;32m    210[0m     [38;5;124m"[39m[38;5;124mResponse: [39m[38;5;132;01m{method}[39;00m[38;5;124m [39m[38;5;132;01m{url}[39;00m[38;5;124m [39m[38;5;132;01m{status}[39;00m[38;5;124m"[39m[38;5;241m.[39mformat(
[1;32m    211[0m         method[38;5;241m=[39mmethod, url[38;5;241m=[39mfull_url, status[38;5;241m=[39mresponse[38;5;241m.[39mstatus_code
[1;32m    212[0m     )
[1;32m    213[0m )
[1;32m    214[0m logger[38;5;241m.[39mdebug(
[1;32m    215[0m     [38;5;124m"[39m[38;5;124mHeaders: [39m[38;5;132;01m{headers}[39;00m[38;5;124m"[39m[38;5;241m.[39mformat(
[1;32m    216[0m         headers[38;5;241m=[39mpformat(clean_headers(response[38;5;241m.[39mheaders))
[1;32m    217[0m     )
[1;32m    218[0m )

File [0;32m~/.local/lib/python3.10/site-packages/canvasapi/requester.py:66[0m, in [0;36mRequester._get_request[0;34m(self, url, headers, params, **kwargs)[0m
[1;32m     55[0m [38;5;28;01mdef[39;00m [38;5;21m_get_request[39m([38;5;28mself[39m, url, headers, params[38;5;241m=[39m[38;5;28;01mNone[39;00m, [38;5;241m*[39m[38;5;241m*[39mkwargs):
[1;32m     56[0m     [38;5;124;03m"""[39;00m
[1;32m     57[0m [38;5;124;03m    Issue a GET request to the specified endpoint with the data provided.[39;00m
[1;32m     58[0m 
[0;32m   (...)[0m
[1;32m     64[0m [38;5;124;03m    :type params: dict[39;00m
[1;32m     65[0m [38;5;124;03m    """[39;00m
[0;32m---> 66[0m     [38;5;28;01mreturn[39;00m [38;5;28;43mself[39;49m[38;5;241;43m.[39;49m[43m_session[49m[38;5;241;43m.[39;49m[43mget[49m[43m([49m[43murl[49m[43m,[49m[43m [49m[43mheaders[49m[38;5;241;43m=[39;49m[43mheaders[49m[43m,[49m[43m [49m[43mparams[49m[38;5;241;43m=[39;49m[43mparams[49m[43m)[49m

File [0;32m/usr/lib/python3/dist-packages/requests/sessions.py:555[0m, in [0;36mSession.get[0;34m(self, url, **kwargs)[0m
[1;32m    547[0m [38;5;124mr[39m[38;5;124;03m"""Sends a GET request. Returns :class:`Response` object.[39;00m
[1;32m    548[0m 
[1;32m    549[0m [38;5;124;03m:param url: URL for the new :class:`Request` object.[39;00m
[1;32m    550[0m [38;5;124;03m:param \*\*kwargs: Optional arguments that ``request`` takes.[39;00m
[1;32m    551[0m [38;5;124;03m:rtype: requests.Response[39;00m
[1;32m    552[0m [38;5;124;03m"""[39;00m
[1;32m    554[0m kwargs[38;5;241m.[39msetdefault([38;5;124m'[39m[38;5;124mallow_redirects[39m[38;5;124m'[39m, [38;5;28;01mTrue[39;00m)
[0;32m--> 555[0m [38;5;28;01mreturn[39;00m [38;5;28;43mself[39;49m[38;5;241;43m.[39;49m[43mrequest[49m[43m([49m[38;5;124;43m'[39;49m[38;5;124;43mGET[39;49m[38;5;124;43m'[39;49m[43m,[49m[43m [49m[43murl[49m[43m,[49m[43m [49m[38;5;241;43m*[39;49m[38;5;241;43m*[39;49m[43mkwargs[49m[43m)[49m

File [0;32m/usr/lib/python3/dist-packages/requests/sessions.py:528[0m, in [0;36mSession.request[0;34m(self, method, url, params, data, headers, cookies, files, auth, timeout, allow_redirects, proxies, hooks, stream, verify, cert, json)[0m
[1;32m    515[0m [38;5;66;03m# Create the Request.[39;00m
[1;32m    516[0m req [38;5;241m=[39m Request(
[1;32m    517[0m     method[38;5;241m=[39mmethod[38;5;241m.[39mupper(),
[1;32m    518[0m     url[38;5;241m=[39murl,
[0;32m   (...)[0m
[1;32m    526[0m     hooks[38;5;241m=[39mhooks,
[1;32m    527[0m )
[0;32m--> 528[0m prep [38;5;241m=[39m [38;5;28;43mself[39;49m[38;5;241;43m.[39;49m[43mprepare_request[49m[43m([49m[43mreq[49m[43m)[49m
[1;32m    530[0m proxies [38;5;241m=[39m proxies [38;5;129;01mor[39;00m {}
[1;32m    532[0m settings [38;5;241m=[39m [38;5;28mself[39m[38;5;241m.[39mmerge_environment_settings(
[1;32m    533[0m     prep[38;5;241m.[39murl, proxies, stream, verify, cert
[1;32m    534[0m )

File [0;32m/usr/lib/python3/dist-packages/requests/sessions.py:456[0m, in [0;36mSession.prepare_request[0;34m(self, request)[0m
[1;32m    453[0m     auth [38;5;241m=[39m get_netrc_auth(request[38;5;241m.[39murl)
[1;32m    455[0m p [38;5;241m=[39m PreparedRequest()
[0;32m--> 456[0m [43mp[49m[38;5;241;43m.[39;49m[43mprepare[49m[43m([49m
[1;32m    457[0m [43m    [49m[43mmethod[49m[38;5;241;43m=[39;49m[43mrequest[49m[38;5;241;43m.[39;49m[43mmethod[49m[38;5;241;43m.[39;49m[43mupper[49m[43m([49m[43m)[49m[43m,[49m
[1;32m    458[0m [43m    [49m[43murl[49m[38;5;241;43m=[39;49m[43mrequest[49m[38;5;241;43m.[39;49m[43murl[49m[43m,[49m
[1;32m    459[0m [43m    [49m[43mfiles[49m[38;5;241;43m=[39;49m[43mrequest[49m[38;5;241;43m.[39;49m[43mfiles[49m[43m,[49m
[1;32m    460[0m [43m    [49m[43mdata[49m[38;5;241;43m=[39;49m[43mrequest[49m[38;5;241;43m.[39;49m[43mdata[49m[43m,[49m
[1;32m    461[0m [43m    [49m[43mjson[49m[38;5;241;43m=[39;49m[43mrequest[49m[38;5;241;43m.[39;49m[43mjson[49m[43m,[49m
[1;32m    462[0m [43m    [49m[43mheaders[49m[38;5;241;43m=[39;49m[43mmerge_setting[49m[43m([49m[43mrequest[49m[38;5;241;43m.[39;49m[43mheaders[49m[43m,[49m[43m [49m[38;5;28;43mself[39;49m[38;5;241;43m.[39;49m[43mheaders[49m[43m,[49m[43m [49m[43mdict_class[49m[38;5;241;43m=[39;49m[43mCaseInsensitiveDict[49m[43m)[49m[43m,[49m
[1;32m    463[0m [43m    [49m[43mparams[49m[38;5;241;43m=[39;49m[43mmerge_setting[49m[43m([49m[43mrequest[49m[38;5;241;43m.[39;49m[43mparams[49m[43m,[49m[43m [49m[38;5;28;43mself[39;49m[38;5;241;43m.[39;49m[43mparams[49m[43m)[49m[43m,[49m
[1;32m    464[0m [43m    [49m[43mauth[49m[38;5;241;43m=[39;49m[43mmerge_setting[49m[43m([49m[43mauth[49m[43m,[49m[43m [49m[38;5;28;43mself[39;49m[38;5;241;43m.[39;49m[43mauth[49m[43m)[49m[43m,[49m
[1;32m    465[0m [43m    [49m[43mcookies[49m[38;5;241;43m=[39;49m[43mmerged_cookies[49m[43m,[49m
[1;32m    466[0m [43m    [49m[43mhooks[49m[38;5;241;43m=[39;49m[43mmerge_hooks[49m[43m([49m[43mrequest[49m[38;5;241;43m.[39;49m[43mhooks[49m[43m,[49m[43m [49m[38;5;28;43mself[39;49m[38;5;241;43m.[39;49m[43mhooks[49m[43m)[49m[43m,[49m
[1;32m    467[0m [43m[49m[43m)[49m
[1;32m    468[0m [38;5;28;01mreturn[39;00m p

File [0;32m/usr/lib/python3/dist-packages/requests/models.py:316[0m, in [0;36mPreparedRequest.prepare[0;34m(self, method, url, headers, files, data, params, auth, cookies, hooks, json)[0m
[1;32m    313[0m [38;5;124;03m"""Prepares the entire request with the given parameters."""[39;00m
[1;32m    315[0m [38;5;28mself[39m[38;5;241m.[39mprepare_method(method)
[0;32m--> 316[0m [38;5;28;43mself[39;49m[38;5;241;43m.[39;49m[43mprepare_url[49m[43m([49m[43murl[49m[43m,[49m[43m [49m[43mparams[49m[43m)[49m
[1;32m    317[0m [38;5;28mself[39m[38;5;241m.[39mprepare_headers(headers)
[1;32m    318[0m [38;5;28mself[39m[38;5;241m.[39mprepare_cookies(cookies)

File [0;32m/usr/lib/python3/dist-packages/requests/models.py:390[0m, in [0;36mPreparedRequest.prepare_url[0;34m(self, url, params)[0m
[1;32m    387[0m     error [38;5;241m=[39m ([38;5;124m"[39m[38;5;124mInvalid URL [39m[38;5;132;01m{0!r}[39;00m[38;5;124m: No schema supplied. Perhaps you meant http://[39m[38;5;132;01m{0}[39;00m[38;5;124m?[39m[38;5;124m"[39m)
[1;32m    388[0m     error [38;5;241m=[39m error[38;5;241m.[39mformat(to_native_string(url, [38;5;124m'[39m[38;5;124mutf8[39m[38;5;124m'[39m))
[0;32m--> 390[0m     [38;5;28;01mraise[39;00m MissingSchema(error)
[1;32m    392[0m [38;5;28;01mif[39;00m [38;5;129;01mnot[39;00m host:
[1;32m    393[0m     [38;5;28;01mraise[39;00m InvalidURL([38;5;124m"[39m[38;5;124mInvalid URL [39m[38;5;132;01m%r[39;00m[38;5;124m: No host supplied[39m[38;5;124m"[39m [38;5;241m%[39m url)

[0;31mMissingSchema[0m: Invalid URL '<YOUR CANVAS URL>/api/v1/users/101': No schema supplied. Perhaps you meant http://<YOUR CANVAS URL>/api/v1/users/101?
MissingSchema: Invalid URL '<YOUR CANVAS URL>/api/v1/users/101': No schema supplied. Perhaps you meant http://<YOUR CANVAS URL>/api/v1/users/101?

